<?xml version="1.0" encoding="UTF-8"?>
<!-- Generated by org.testng.reporters.JUnitReportReporter -->
<testsuite skipped="0" hostname="MYNB115" name="com.auto.testNG.ParameterizedTest" tests="3" failures="0" timestamp="24 Aug 2019 03:05:33 GMT" time="0.041" errors="0">
  <testcase name="doLoginTest" time="0.033" classname="com.auto.testNG.ParameterizedTest"/>
  <testcase name="doLoginTest" time="0.005" classname="com.auto.testNG.ParameterizedTest"/>
  <testcase name="doLoginTest" time="0.003" classname="com.auto.testNG.ParameterizedTest"/>
</testsuite> <!-- com.auto.testNG.ParameterizedTest -->
