<?xml version="1.0" encoding="UTF-8"?>
<!-- Generated by org.testng.reporters.JUnitReportReporter -->
<testsuite skipped="0" hostname="MYNB115" name="com.auto.testNG.DataProviders.TC" tests="4" failures="0" timestamp="24 Aug 2019 03:58:47 GMT" time="0.014" errors="0">
  <testcase name="multiTestA" time="0.002" classname="com.auto.testNG.DataProviders.TC"/>
  <testcase name="multiTestB" time="0.001" classname="com.auto.testNG.DataProviders.TC"/>
  <testcase name="multiTestA" time="0.009" classname="com.auto.testNG.DataProviders.TC"/>
  <testcase name="multiTestB" time="0.002" classname="com.auto.testNG.DataProviders.TC"/>
</testsuite> <!-- com.auto.testNG.DataProviders.TC -->
