<?xml version="1.0" encoding="UTF-8"?>
<!-- Generated by org.testng.reporters.JUnitReportReporter -->
<testsuite skipped="0" hostname="MYNB115" name="com.auto.testNG.assertions.ValidationsTestNG" tests="1" failures="0" timestamp="24 Aug 2019 03:05:33 GMT" time="0.005" errors="0">
  <testcase name="validate" time="0.005" classname="com.auto.testNG.assertions.ValidationsTestNG"/>
</testsuite> <!-- com.auto.testNG.assertions.ValidationsTestNG -->
