<?xml version="1.0" encoding="UTF-8"?>
<!-- Generated by org.testng.reporters.JUnitReportReporter -->
<testsuite skipped="0" hostname="MYNB115" name="com.auto.testNG.SearchAndBuyTestWithPriorityAndValidationAndDependencyBeforeAfterAnnotations" tests="6" failures="0" timestamp="24 Aug 2019 02:47:49 GMT" time="0.017" errors="0">
  <testcase name="search" time="0.007" classname="com.auto.testNG.SearchAndBuyTestWithPriorityAndValidationAndDependencyBeforeAfterAnnotations"/>
  <testcase name="addToCart" time="0.002" classname="com.auto.testNG.SearchAndBuyTestWithPriorityAndValidationAndDependencyBeforeAfterAnnotations"/>
  <testcase name="makePayment" time="0.002" classname="com.auto.testNG.SearchAndBuyTestWithPriorityAndValidationAndDependencyBeforeAfterAnnotations"/>
  <testcase name="checkoutCart" time="0.002" classname="com.auto.testNG.SearchAndBuyTestWithPriorityAndValidationAndDependencyBeforeAfterAnnotations"/>
  <testcase name="goingToParkingLot" time="0.002" classname="com.auto.testNG.SearchAndBuyTestWithPriorityAndValidationAndDependencyBeforeAfterAnnotations"/>
  <testcase name="drivingHome" time="0.002" classname="com.auto.testNG.SearchAndBuyTestWithPriorityAndValidationAndDependencyBeforeAfterAnnotations"/>
</testsuite> <!-- com.auto.testNG.SearchAndBuyTestWithPriorityAndValidationAndDependencyBeforeAfterAnnotations -->
