<?xml version="1.0" encoding="UTF-8"?>
<!-- Generated by org.testng.reporters.JUnitReportReporter -->
<testsuite skipped="2" hostname="MYNB115" name="com.auto.testNG.SearchAndBuyTest" tests="3" failures="0" timestamp="24 Aug 2019 03:05:33 GMT" time="0.004" errors="0">
  <testcase name="makePayment" time="0.002" classname="com.auto.testNG.SearchAndBuyTest">
    <skipped/>
  </testcase> <!-- makePayment -->
  <testcase name="search" time="0.002" classname="com.auto.testNG.SearchAndBuyTest"/>
  <testcase name="addToCart" classname="com.auto.testNG.SearchAndBuyTest">
    <skipped/>
  </testcase> <!-- addToCart -->
</testsuite> <!-- com.auto.testNG.SearchAndBuyTest -->
